TN:
SF:./src/client/app/app.module.js
FN:1,(anonymous_1)
FNF:1
FNH:1
FNDA:1,(anonymous_1)
DA:1,1
DA:4,1
LF:2
LH:2
BRF:0
BRH:0
end_of_record
TN:
SF:./src/client/app/blocks/router/router.module.js
FN:1,(anonymous_1)
FNF:1
FNH:1
FNDA:1,(anonymous_1)
DA:1,1
DA:4,1
LF:2
LH:2
BRF:0
BRH:0
end_of_record
TN:
SF:./src/client/app/core/core.module.js
FN:1,(anonymous_1)
FNF:1
FNH:1
FNDA:1,(anonymous_1)
DA:1,1
DA:4,1
LF:2
LH:2
BRF:0
BRH:0
end_of_record
TN:
SF:./src/client/app/login/login.module.js
FN:1,(anonymous_1)
FNF:1
FNH:1
FNDA:1,(anonymous_1)
DA:1,1
DA:4,1
LF:2
LH:2
BRF:0
BRH:0
end_of_record
TN:
SF:./src/client/app/blocks/router/router-helper.provider.js
FN:2,(anonymous_1)
FN:11,routerHelperProvider
FN:24,(anonymous_3)
FN:31,RouterHelper
FN:51,configureStates
FN:52,(anonymous_6)
FN:63,handleRoutingErrors
FN:68,(anonymous_8)
FN:85,init
FN:90,getStates
FN:92,updateDocTitle
FN:94,(anonymous_12)
FNF:12
FNH:8
FNDA:1,(anonymous_1)
FNDA:1,routerHelperProvider
FNDA:0,(anonymous_3)
FNDA:1,RouterHelper
FNDA:1,configureStates
FNDA:1,(anonymous_6)
FNDA:1,handleRoutingErrors
FNDA:0,(anonymous_8)
FNDA:1,init
FNDA:0,getStates
FNDA:1,updateDocTitle
FNDA:0,(anonymous_12)
DA:2,1
DA:5,1
DA:9,1
DA:11,1
DA:13,1
DA:18,1
DA:19,0
DA:22,1
DA:24,1
DA:25,0
DA:28,1
DA:29,1
DA:31,1
DA:32,1
DA:33,1
DA:34,1
DA:39,1
DA:45,1
DA:47,1
DA:51,1
DA:52,1
DA:53,1
DA:55,1
DA:57,1
DA:58,0
DA:59,0
DA:63,1
DA:67,1
DA:69,0
DA:70,0
DA:72,0
DA:73,0
DA:74,0
DA:77,0
DA:80,0
DA:85,1
DA:86,1
DA:87,1
DA:90,1
DA:92,1
DA:93,1
DA:95,0
DA:96,0
DA:97,0
DA:98,0
LF:45
LH:30
BRDA:18,1,0,0
BRDA:18,1,1,1
BRDA:18,2,0,1
BRDA:18,2,1,1
BRDA:54,3,0,1
BRDA:54,3,1,1
BRDA:57,4,0,0
BRDA:57,4,1,1
BRDA:57,5,0,1
BRDA:57,5,1,0
BRDA:69,6,0,0
BRDA:69,6,1,0
BRDA:74,7,0,0
BRDA:74,7,1,0
BRDA:74,7,2,0
BRDA:74,7,3,0
BRDA:74,7,4,0
BRDA:78,8,0,0
BRDA:78,8,1,0
BRDA:78,9,0,0
BRDA:78,9,1,0
BRDA:79,10,0,0
BRDA:79,10,1,0
BRDA:97,11,0,0
BRDA:97,11,1,0
BRF:25
BRH:7
end_of_record
TN:
SF:./src/client/app/core/config.js
FN:1,(anonymous_1)
FN:17,configure
FNF:2
FNH:1
FNDA:1,(anonymous_1)
FNDA:0,configure
DA:1,1
DA:4,1
DA:6,1
DA:11,1
DA:13,1
DA:15,1
DA:17,1
DA:18,0
DA:19,0
DA:21,0
LF:10
LH:7
BRDA:18,1,0,0
BRDA:18,1,1,0
BRF:2
BRH:0
end_of_record
TN:
SF:./src/client/app/core/constants.js
FN:2,(anonymous_1)
FNF:1
FNH:1
FNDA:1,(anonymous_1)
DA:2,1
DA:5,1
LF:2
LH:2
BRF:0
BRH:0
end_of_record
TN:
SF:./src/client/app/core/core.route.js
FN:1,(anonymous_1)
FN:9,appRun
FN:14,getStates
FNF:3
FNH:1
FNDA:1,(anonymous_1)
FNDA:0,appRun
FNDA:0,getStates
DA:1,1
DA:4,1
DA:9,1
DA:10,0
DA:11,0
DA:14,1
DA:15,0
LF:7
LH:4
BRF:0
BRH:0
end_of_record
TN:
SF:./src/client/app/login/login.controller.js
FN:1,(anonymous_1)
FN:9,LoginController
FN:14,logar
FNF:3
FNH:1
FNDA:1,(anonymous_1)
FNDA:0,LoginController
FNDA:0,logar
DA:1,1
DA:4,1
DA:9,1
DA:10,0
DA:11,0
DA:12,0
DA:14,1
LF:7
LH:4
BRF:0
BRH:0
end_of_record
TN:
SF:./src/client/app/login/login.route.js
FN:1,(anonymous_1)
FN:10,appRun
FN:14,getStates
FNF:3
FNH:3
FNDA:1,(anonymous_1)
FNDA:1,appRun
FNDA:1,getStates
DA:1,1
DA:4,1
DA:8,1
DA:10,1
DA:11,1
DA:14,1
DA:15,1
LF:7
LH:7
BRF:0
BRH:0
end_of_record
